resnet50 pretrained on imagenet
Using logistic_regression
Accuracy on oxford102flowers: 0.8162302813465604

resnet50 pretrained on imagenet
Using logistic_regression
Accuracy on inaturalist: 0.35

resnet50 pretrained on cifar10
Using logistic_regression
Accuracy on oxford102flowers: 0.19190112213368027

resnet50 pretrained on cifar10
Using logistic_regression
Accuracy on inaturalist: 0.04647058823529412

resnet50 pretrained on cifar100
Using logistic_regression
Accuracy on oxford102flowers: 0.4353553423320865

resnet50 pretrained on cifar100
Using logistic_regression
Accuracy on inaturalist: 0.06941176470588235

resnet50 pretrained on imagenet
Using logistic_regression
Accuracy on stanford_cars: 0.5398582265887327

resnet50 pretrained on cifar10
Using logistic_regression
Accuracy on stanford_cars: 0.048625792811839326

resnet50 pretrained on cifar100
Using logistic_regression
Accuracy on stanford_cars: 0.09177962939932845

